# JRE version: Java(TM) SE Runtime Environment (8.0_91-b15) (build 1.8.0_91-b15)
# Java VM: Java HotSpot(TM) Client VM (25.91-b15 mixed mode windows-x86 )
Heap:
 def new generation   total 17792K, used 3713K [0x04c00000, 0x05f40000, 0x0a150000)
  eden space 15872K,  14% used [0x04c00000, 0x04e2bb28, 0x05b80000)
  from space 1920K,  77% used [0x05d60000, 0x05ed4c80, 0x05f40000)
  to   space 1920K,   0% used [0x05b80000, 0x05b80000, 0x05d60000)
 tenured generation   total 39288K, used 23572K [0x0a150000, 0x0c7ae000, 0x14c00000)
   the space 39288K,  59% used [0x0a150000, 0x0b855180, 0x0b855200, 0x0c7ae000)
 Metaspace       used 31392K, capacity 32678K, committed 32768K, reserved 33152K
GC Heap History (10 events):
Event: 10.591 GC heap before
{Heap before GC invocations=98 (full 3):
 def new generation   total 11584K, used 11357K [0x04c00000, 0x05890000, 0x0a150000)
  eden space 10304K, 100% used [0x04c00000, 0x05610000, 0x05610000)
  from space 1280K,  82% used [0x05610000, 0x05717420, 0x05750000)
  to   space 1280K,   0% used [0x05750000, 0x05750000, 0x05890000)
 tenured generation   total 25704K, used 23971K [0x0a150000, 0x0ba6a000, 0x14c00000)
   the space 25704K,  93% used [0x0a150000, 0x0b8b8d50, 0x0b8b8e00, 0x0ba6a000)
 Metaspace       used 29528K, capacity 30754K, committed 30848K, reserved 31104K
Event: 10.598 GC heap after
Heap after GC invocations=99 (full 3):
 def new generation   total 11584K, used 1203K [0x04c00000, 0x05890000, 0x0a150000)
  eden space 10304K,   0% used [0x04c00000, 0x04c00000, 0x05610000)
  from space 1280K,  94% used [0x05750000, 0x0587cfb0, 0x05890000)
  to   space 1280K,   0% used [0x05610000, 0x05610000, 0x05750000)
 tenured generation   total 25704K, used 24411K [0x0a150000, 0x0ba6a000, 0x14c00000)
   the space 25704K,  94% used [0x0a150000, 0x0b926e48, 0x0b927000, 0x0ba6a000)
 Metaspace       used 29528K, capacity 30754K, committed 30848K, reserved 31104K
}
Event: 10.701 GC heap before
{Heap before GC invocations=99 (full 3):
 def new generation   total 11584K, used 11507K [0x04c00000, 0x05890000, 0x0a150000)
  eden space 10304K, 100% used [0x04c00000, 0x05610000, 0x05610000)
  from space 1280K,  94% used [0x05750000, 0x0587cfb0, 0x05890000)
  to   space 1280K,   0% used [0x05610000, 0x05610000, 0x05750000)
 tenured generation   total 25704K, used 24411K [0x0a150000, 0x0ba6a000, 0x14c00000)
   the space 25704K,  94% used [0x0a150000, 0x0b926e48, 0x0b927000, 0x0ba6a000)
 Metaspace       used 29580K, capacity 30791K, committed 30848K, reserved 31104K
Event: 10.708 GC heap after
Heap after GC invocations=100 (full 3):
 def new generation   total 11584K, used 582K [0x04c00000, 0x05890000, 0x0a150000)
  eden space 10304K,   0% used [0x04c00000, 0x04c00000, 0x05610000)
  from space 1280K,  45% used [0x05610000, 0x056a1830, 0x05750000)
  to   space 1280K,   0% used [0x05750000, 0x05750000, 0x05890000)
 tenured generation   total 25704K, used 25530K [0x0a150000, 0x0ba6a000, 0x14c00000)
   the space 25704K,  99% used [0x0a150000, 0x0ba3e9b0, 0x0ba3ea00, 0x0ba6a000)
 Metaspace       used 29580K, capacity 30791K, committed 30848K, reserved 31104K
}
Event: 10.849 GC heap before
{Heap before GC invocations=100 (full 3):
 def new generation   total 11584K, used 10886K [0x04c00000, 0x05890000, 0x0a150000)
  eden space 10304K, 100% used [0x04c00000, 0x05610000, 0x05610000)
  from space 1280K,  45% used [0x05610000, 0x056a1830, 0x05750000)
  to   space 1280K,   0% used [0x05750000, 0x05750000, 0x05890000)
 tenured generation   total 25704K, used 25530K [0x0a150000, 0x0ba6a000, 0x14c00000)
   the space 25704K,  99% used [0x0a150000, 0x0ba3e9b0, 0x0ba3ea00, 0x0ba6a000)
 Metaspace       used 29907K, capacity 31156K, committed 31232K, reserved 32128K
Event: 10.854 GC heap after
Heap after GC invocations=101 (full 3):
 def new generation   total 11584K, used 1232K [0x04c00000, 0x05890000, 0x0a150000)
  eden space 10304K,   0% used [0x04c00000, 0x04c00000, 0x05610000)
  from space 1280K,  96% used [0x05750000, 0x05884290, 0x05890000)
  to   space 1280K,   0% used [0x05610000, 0x05610000, 0x05750000)
 tenured generation   total 25704K, used 25530K [0x0a150000, 0x0ba6a000, 0x14c00000)
   the space 25704K,  99% used [0x0a150000, 0x0ba3e9b0, 0x0ba3ea00, 0x0ba6a000)
 Metaspace       used 29907K, capacity 31156K, committed 31232K, reserved 32128K
}
Event: 30.917 GC heap before
{Heap before GC invocations=101 (full 3):
 def new generation   total 11584K, used 11354K [0x04c00000, 0x05890000, 0x0a150000)
  eden space 10304K,  98% used [0x04c00000, 0x055e27d8, 0x05610000)
  from space 1280K,  96% used [0x05750000, 0x05884290, 0x05890000)
  to   space 1280K,   0% used [0x05610000, 0x05610000, 0x05750000)
 tenured generation   total 25704K, used 25530K [0x0a150000, 0x0ba6a000, 0x14c00000)
   the space 25704K,  99% used [0x0a150000, 0x0ba3e9b0, 0x0ba3ea00, 0x0ba6a000)
 Metaspace       used 30505K, capacity 31769K, committed 31788K, reserved 32128K
Event: 31.005 GC heap after
Heap after GC invocations=102 (full 4):
 def new generation   total 17792K, used 0K [0x04c00000, 0x05f40000, 0x0a150000)
  eden space 15872K,   0% used [0x04c00000, 0x04c00000, 0x05b80000)
  from space 1920K,   0% used [0x05b80000, 0x05b80000, 0x05d60000)
  to   space 1920K,   0% used [0x05d60000, 0x05d60000, 0x05f40000)
 tenured generation   total 39288K, used 23572K [0x0a150000, 0x0c7ae000, 0x14c00000)
   the space 39288K,  59% used [0x0a150000, 0x0b855180, 0x0b855200, 0x0c7ae000)
 Metaspace       used 30491K, capacity 31747K, committed 31788K, reserved 32128K
}
Event: 150.919 GC heap before
{Heap before GC invocations=102 (full 4):
 def new generation   total 17792K, used 15872K [0x04c00000, 0x05f40000, 0x0a150000)
  eden space 15872K, 100% used [0x04c00000, 0x05b80000, 0x05b80000)
  from space 1920K,   0% used [0x05b80000, 0x05b80000, 0x05d60000)
  to   space 1920K,   0% used [0x05d60000, 0x05d60000, 0x05f40000)
 tenured generation   total 39288K, used 23572K [0x0a150000, 0x0c7ae000, 0x14c00000)
   the space 39288K,  59% used [0x0a150000, 0x0b855180, 0x0b855200, 0x0c7ae000)
 Metaspace       used 31387K, capacity 32678K, committed 32768K, reserved 33152K
Event: 150.925 GC heap after
Heap after GC invocations=103 (full 4):
 def new generation   total 17792K, used 1491K [0x04c00000, 0x05f40000, 0x0a150000)
  eden space 15872K,   0% used [0x04c00000, 0x04c00000, 0x05b80000)
  from space 1920K,  77% used [0x05d60000, 0x05ed4c80, 0x05f40000)
  to   space 1920K,   0% used [0x05b80000, 0x05b80000, 0x05d60000)
 tenured generation   total 39288K, used 23572K [0x0a150000, 0x0c7ae000, 0x14c00000)
   the space 39288K,  59% used [0x0a150000, 0x0b855180, 0x0b855200, 0x0c7ae000)
 Metaspace       used 31387K, capacity 32678K, committed 32768K, reserved 33152K
}

